[2022-01-05T21:32:09.009Z] [org.springframework.boot.StartupInfoLogger] [main] [55] [INFO ] Starting HotelApplication using Java 11 on DESKTOP-TS3JMM6 with PID 16096 (E:\Lena-Java\Projects\IT_Academy\hotel\target\classes started by elena in E:\Lena-Java\Projects\IT_Academy\hotel)
[2022-01-05T21:32:09.009Z] [org.hibernate.validator.internal.util.Version] [background-preinit] [21] [INFO ] HV000001: Hibernate Validator 6.2.0.Final
[2022-01-05T21:32:09.009Z] [org.springframework.boot.SpringApplication] [main] [659] [INFO ] No active profile set, falling back to default profiles: default
[2022-01-05T21:32:10.010Z] [org.springframework.data.repository.config.RepositoryConfigurationDelegate] [main] [132] [INFO ] Bootstrapping Spring Data JPA repositories in DEFAULT mode.
[2022-01-05T21:32:10.010Z] [org.springframework.data.repository.config.RepositoryConfigurationDelegate] [main] [201] [INFO ] Finished Spring Data repository scanning in 66 ms. Found 10 JPA repository interfaces.
[2022-01-05T21:32:10.010Z] [org.springframework.boot.web.embedded.tomcat.TomcatWebServer] [main] [108] [INFO ] Tomcat initialized with port(s): 8080 (http)
[2022-01-05T21:32:10.010Z] [org.apache.juli.logging.DirectJDKLog] [main] [173] [INFO ] Initializing ProtocolHandler ["http-nio-8080"]
[2022-01-05T21:32:10.010Z] [org.apache.juli.logging.DirectJDKLog] [main] [173] [INFO ] Starting service [Tomcat]
[2022-01-05T21:32:10.010Z] [org.apache.juli.logging.DirectJDKLog] [main] [173] [INFO ] Starting Servlet engine: [Apache Tomcat/9.0.54]
[2022-01-05T21:32:10.010Z] [org.apache.juli.logging.DirectJDKLog] [main] [173] [INFO ] At least one JAR was scanned for TLDs yet contained no TLDs. Enable debug logging for this logger for a complete list of JARs that were scanned but no TLDs were found in them. Skipping unneeded JARs during scanning can improve startup time and JSP compilation time.
[2022-01-05T21:32:10.010Z] [org.apache.juli.logging.DirectJDKLog] [main] [173] [INFO ] Initializing Spring embedded WebApplicationContext
[2022-01-05T21:32:10.010Z] [org.springframework.boot.web.servlet.context.ServletWebServerApplicationContext] [main] [290] [INFO ] Root WebApplicationContext: initialization completed in 1214 ms
[2022-01-05T21:32:10.010Z] [com.zaxxer.hikari.HikariDataSource] [main] [110] [INFO ] HikariPool-1 - Starting...
[2022-01-05T21:32:11.011Z] [com.zaxxer.hikari.HikariDataSource] [main] [123] [INFO ] HikariPool-1 - Start completed.
[2022-01-05T21:32:11.011Z] [org.hibernate.jpa.internal.util.LogHelper] [main] [31] [INFO ] HHH000204: Processing PersistenceUnitInfo [name: default]
[2022-01-05T21:32:11.011Z] [org.hibernate.Version] [main] [44] [INFO ] HHH000412: Hibernate ORM core version 5.4.32.Final
[2022-01-05T21:32:11.011Z] [org.hibernate.annotations.common.reflection.java.JavaReflectionManager] [main] [56] [INFO ] HCANN000001: Hibernate Commons Annotations {5.1.2.Final}
[2022-01-05T21:32:11.011Z] [org.hibernate.dialect.Dialect] [main] [175] [INFO ] HHH000400: Using dialect: org.hibernate.dialect.MySQL8Dialect
[2022-01-05T21:32:11.011Z] [org.hibernate.engine.transaction.jta.platform.internal.JtaPlatformInitiator] [main] [52] [INFO ] HHH000490: Using JtaPlatform implementation: [org.hibernate.engine.transaction.jta.platform.internal.NoJtaPlatform]
[2022-01-05T21:32:11.011Z] [org.springframework.orm.jpa.AbstractEntityManagerFactoryBean] [main] [437] [INFO ] Initialized JPA EntityManagerFactory for persistence unit 'default'
[2022-01-05T21:32:12.012Z] [org.springframework.boot.autoconfigure.orm.jpa.JpaBaseConfiguration$JpaWebConfiguration] [main] [219] [WARN ] spring.jpa.open-in-view is enabled by default. Therefore, database queries may be performed during view rendering. Explicitly configure spring.jpa.open-in-view to disable this warning
[2022-01-05T21:32:12.012Z] [org.springframework.security.web.DefaultSecurityFilterChain] [main] [51] [INFO ] Will secure any request with [org.springframework.security.web.context.request.async.WebAsyncManagerIntegrationFilter@3fb0d9de, org.springframework.security.web.context.SecurityContextPersistenceFilter@1e09c0b, org.springframework.security.web.header.HeaderWriterFilter@4edd8a0a, org.springframework.security.web.authentication.logout.LogoutFilter@3a012678, org.springframework.security.web.authentication.UsernamePasswordAuthenticationFilter@67372d20, org.springframework.security.web.savedrequest.RequestCacheAwareFilter@48f2d51d, org.springframework.security.web.servletapi.SecurityContextHolderAwareRequestFilter@31de8099, org.springframework.security.web.authentication.AnonymousAuthenticationFilter@8ad6d29, org.springframework.security.web.session.SessionManagementFilter@257d3968, org.springframework.security.web.access.ExceptionTranslationFilter@58835bba, org.springframework.security.web.access.intercept.FilterSecurityInterceptor@43120a77]
[2022-01-05T21:32:12.012Z] [org.apache.juli.logging.DirectJDKLog] [main] [173] [INFO ] Starting ProtocolHandler ["http-nio-8080"]
[2022-01-05T21:32:12.012Z] [org.springframework.boot.web.embedded.tomcat.TomcatWebServer] [main] [220] [INFO ] Tomcat started on port(s): 8080 (http) with context path '/hotel'
[2022-01-05T21:32:12.012Z] [org.springframework.boot.StartupInfoLogger] [main] [61] [INFO ] Started HotelApplication in 3.422 seconds (JVM running for 4.132)
[2022-01-05T21:32:23.023Z] [org.apache.juli.logging.DirectJDKLog] [http-nio-8080-exec-1] [173] [INFO ] Initializing Spring DispatcherServlet 'dispatcherServlet'
[2022-01-05T21:32:23.023Z] [org.springframework.web.servlet.FrameworkServlet] [http-nio-8080-exec-1] [525] [INFO ] Initializing Servlet 'dispatcherServlet'
[2022-01-05T21:32:23.023Z] [org.springframework.web.servlet.FrameworkServlet] [http-nio-8080-exec-1] [547] [INFO ] Completed initialization in 1 ms
[2022-01-05T21:32:33.033Z] [org.springframework.orm.jpa.AbstractEntityManagerFactoryBean] [SpringApplicationShutdownHook] [651] [INFO ] Closing JPA EntityManagerFactory for persistence unit 'default'
[2022-01-05T21:32:33.033Z] [com.zaxxer.hikari.HikariDataSource] [SpringApplicationShutdownHook] [350] [INFO ] HikariPool-1 - Shutdown initiated...
[2022-01-05T21:32:33.033Z] [com.zaxxer.hikari.HikariDataSource] [SpringApplicationShutdownHook] [352] [INFO ] HikariPool-1 - Shutdown completed.
[2022-01-05 21:38:37.037] [org.springframework.boot.StartupInfoLogger] [main] [55] [INFO ] Starting HotelApplication using Java 11 on DESKTOP-TS3JMM6 with PID 15612 (E:\Lena-Java\Projects\IT_Academy\hotel\target\classes started by elena in E:\Lena-Java\Projects\IT_Academy\hotel)
[2022-01-05 21:38:37.037] [org.hibernate.validator.internal.util.Version] [background-preinit] [21] [INFO ] HV000001: Hibernate Validator 6.2.0.Final
[2022-01-05 21:38:37.037] [org.springframework.boot.SpringApplication] [main] [659] [INFO ] No active profile set, falling back to default profiles: default
[2022-01-05 21:38:37.037] [org.springframework.data.repository.config.RepositoryConfigurationDelegate] [main] [132] [INFO ] Bootstrapping Spring Data JPA repositories in DEFAULT mode.
[2022-01-05 21:38:37.037] [org.springframework.data.repository.config.RepositoryConfigurationDelegate] [main] [201] [INFO ] Finished Spring Data repository scanning in 66 ms. Found 10 JPA repository interfaces.
[2022-01-05 21:38:38.038] [org.springframework.boot.web.embedded.tomcat.TomcatWebServer] [main] [108] [INFO ] Tomcat initialized with port(s): 8080 (http)
[2022-01-05 21:38:38.038] [org.apache.juli.logging.DirectJDKLog] [main] [173] [INFO ] Initializing ProtocolHandler ["http-nio-8080"]
[2022-01-05 21:38:38.038] [org.apache.juli.logging.DirectJDKLog] [main] [173] [INFO ] Starting service [Tomcat]
[2022-01-05 21:38:38.038] [org.apache.juli.logging.DirectJDKLog] [main] [173] [INFO ] Starting Servlet engine: [Apache Tomcat/9.0.54]
[2022-01-05 21:38:38.038] [org.apache.juli.logging.DirectJDKLog] [main] [173] [INFO ] At least one JAR was scanned for TLDs yet contained no TLDs. Enable debug logging for this logger for a complete list of JARs that were scanned but no TLDs were found in them. Skipping unneeded JARs during scanning can improve startup time and JSP compilation time.
[2022-01-05 21:38:38.038] [org.apache.juli.logging.DirectJDKLog] [main] [173] [INFO ] Initializing Spring embedded WebApplicationContext
[2022-01-05 21:38:38.038] [org.springframework.boot.web.servlet.context.ServletWebServerApplicationContext] [main] [290] [INFO ] Root WebApplicationContext: initialization completed in 1227 ms
[2022-01-05 21:38:38.038] [com.zaxxer.hikari.HikariDataSource] [main] [110] [INFO ] HikariPool-1 - Starting...
[2022-01-05 21:38:38.038] [com.zaxxer.hikari.HikariDataSource] [main] [123] [INFO ] HikariPool-1 - Start completed.
[2022-01-05 21:38:38.038] [org.hibernate.jpa.internal.util.LogHelper] [main] [31] [INFO ] HHH000204: Processing PersistenceUnitInfo [name: default]
[2022-01-05 21:38:38.038] [org.hibernate.Version] [main] [44] [INFO ] HHH000412: Hibernate ORM core version 5.4.32.Final
[2022-01-05 21:38:38.038] [org.hibernate.annotations.common.reflection.java.JavaReflectionManager] [main] [56] [INFO ] HCANN000001: Hibernate Commons Annotations {5.1.2.Final}
[2022-01-05 21:38:38.038] [org.hibernate.dialect.Dialect] [main] [175] [INFO ] HHH000400: Using dialect: org.hibernate.dialect.MySQL8Dialect
[2022-01-05 21:38:39.039] [org.hibernate.engine.transaction.jta.platform.internal.JtaPlatformInitiator] [main] [52] [INFO ] HHH000490: Using JtaPlatform implementation: [org.hibernate.engine.transaction.jta.platform.internal.NoJtaPlatform]
[2022-01-05 21:38:39.039] [org.springframework.orm.jpa.AbstractEntityManagerFactoryBean] [main] [437] [INFO ] Initialized JPA EntityManagerFactory for persistence unit 'default'
[2022-01-05 21:38:39.039] [org.springframework.boot.autoconfigure.orm.jpa.JpaBaseConfiguration$JpaWebConfiguration] [main] [219] [WARN ] spring.jpa.open-in-view is enabled by default. Therefore, database queries may be performed during view rendering. Explicitly configure spring.jpa.open-in-view to disable this warning
[2022-01-05 21:38:39.039] [org.springframework.security.web.DefaultSecurityFilterChain] [main] [51] [INFO ] Will secure any request with [org.springframework.security.web.context.request.async.WebAsyncManagerIntegrationFilter@3fb0d9de, org.springframework.security.web.context.SecurityContextPersistenceFilter@1e09c0b, org.springframework.security.web.header.HeaderWriterFilter@4edd8a0a, org.springframework.security.web.authentication.logout.LogoutFilter@3a012678, org.springframework.security.web.authentication.UsernamePasswordAuthenticationFilter@67372d20, org.springframework.security.web.savedrequest.RequestCacheAwareFilter@48f2d51d, org.springframework.security.web.servletapi.SecurityContextHolderAwareRequestFilter@31de8099, org.springframework.security.web.authentication.AnonymousAuthenticationFilter@8ad6d29, org.springframework.security.web.session.SessionManagementFilter@257d3968, org.springframework.security.web.access.ExceptionTranslationFilter@58835bba, org.springframework.security.web.access.intercept.FilterSecurityInterceptor@43120a77]
[2022-01-05 21:38:40.040] [org.apache.juli.logging.DirectJDKLog] [main] [173] [INFO ] Starting ProtocolHandler ["http-nio-8080"]
[2022-01-05 21:38:40.040] [org.springframework.boot.web.embedded.tomcat.TomcatWebServer] [main] [220] [INFO ] Tomcat started on port(s): 8080 (http) with context path '/hotel'
[2022-01-05 21:38:40.040] [org.springframework.boot.StartupInfoLogger] [main] [61] [INFO ] Started HotelApplication in 3.53 seconds (JVM running for 4.262)
[2022-01-05 21:39:50.050] [org.springframework.orm.jpa.AbstractEntityManagerFactoryBean] [SpringApplicationShutdownHook] [651] [INFO ] Closing JPA EntityManagerFactory for persistence unit 'default'
[2022-01-05 21:39:50.050] [com.zaxxer.hikari.HikariDataSource] [SpringApplicationShutdownHook] [350] [INFO ] HikariPool-1 - Shutdown initiated...
[2022-01-05 21:39:50.050] [com.zaxxer.hikari.HikariDataSource] [SpringApplicationShutdownHook] [352] [INFO ] HikariPool-1 - Shutdown completed.
[2022-01-05 21:43:05.005] [org.hibernate.validator.internal.util.Version] [background-preinit] [21] [INFO ] HV000001: Hibernate Validator 6.2.0.Final
[2022-01-05 21:43:05.005] [org.springframework.boot.StartupInfoLogger] [main] [55] [INFO ] Starting HotelApplication using Java 11 on DESKTOP-TS3JMM6 with PID 10028 (E:\Lena-Java\Projects\IT_Academy\hotel\target\classes started by elena in E:\Lena-Java\Projects\IT_Academy\hotel)
[2022-01-05 21:43:05.005] [org.springframework.boot.SpringApplication] [main] [659] [INFO ] No active profile set, falling back to default profiles: default
[2022-01-05 21:43:05.005] [org.springframework.data.repository.config.RepositoryConfigurationDelegate] [main] [132] [INFO ] Bootstrapping Spring Data JPA repositories in DEFAULT mode.
[2022-01-05 21:43:06.006] [org.springframework.data.repository.config.RepositoryConfigurationDelegate] [main] [201] [INFO ] Finished Spring Data repository scanning in 65 ms. Found 10 JPA repository interfaces.
[2022-01-05 21:43:06.006] [org.springframework.boot.web.embedded.tomcat.TomcatWebServer] [main] [108] [INFO ] Tomcat initialized with port(s): 8080 (http)
[2022-01-05 21:43:06.006] [org.apache.juli.logging.DirectJDKLog] [main] [173] [INFO ] Initializing ProtocolHandler ["http-nio-8080"]
[2022-01-05 21:43:06.006] [org.apache.juli.logging.DirectJDKLog] [main] [173] [INFO ] Starting service [Tomcat]
[2022-01-05 21:43:06.006] [org.apache.juli.logging.DirectJDKLog] [main] [173] [INFO ] Starting Servlet engine: [Apache Tomcat/9.0.54]
[2022-01-05 21:43:06.006] [org.apache.juli.logging.DirectJDKLog] [main] [173] [INFO ] At least one JAR was scanned for TLDs yet contained no TLDs. Enable debug logging for this logger for a complete list of JARs that were scanned but no TLDs were found in them. Skipping unneeded JARs during scanning can improve startup time and JSP compilation time.
[2022-01-05 21:43:06.006] [org.apache.juli.logging.DirectJDKLog] [main] [173] [INFO ] Initializing Spring embedded WebApplicationContext
[2022-01-05 21:43:06.006] [org.springframework.boot.web.servlet.context.ServletWebServerApplicationContext] [main] [290] [INFO ] Root WebApplicationContext: initialization completed in 1229 ms
[2022-01-05 21:43:06.006] [com.zaxxer.hikari.HikariDataSource] [main] [110] [INFO ] HikariPool-1 - Starting...
[2022-01-05 21:43:06.006] [com.zaxxer.hikari.HikariDataSource] [main] [123] [INFO ] HikariPool-1 - Start completed.
[2022-01-05 21:43:06.006] [org.hibernate.jpa.internal.util.LogHelper] [main] [31] [INFO ] HHH000204: Processing PersistenceUnitInfo [name: default]
[2022-01-05 21:43:06.006] [org.hibernate.Version] [main] [44] [INFO ] HHH000412: Hibernate ORM core version 5.4.32.Final
[2022-01-05 21:43:07.007] [org.hibernate.annotations.common.reflection.java.JavaReflectionManager] [main] [56] [INFO ] HCANN000001: Hibernate Commons Annotations {5.1.2.Final}
[2022-01-05 21:43:07.007] [org.hibernate.dialect.Dialect] [main] [175] [INFO ] HHH000400: Using dialect: org.hibernate.dialect.MySQL8Dialect
[2022-01-05 21:43:07.007] [org.hibernate.engine.transaction.jta.platform.internal.JtaPlatformInitiator] [main] [52] [INFO ] HHH000490: Using JtaPlatform implementation: [org.hibernate.engine.transaction.jta.platform.internal.NoJtaPlatform]
[2022-01-05 21:43:07.007] [org.springframework.orm.jpa.AbstractEntityManagerFactoryBean] [main] [437] [INFO ] Initialized JPA EntityManagerFactory for persistence unit 'default'
[2022-01-05 21:43:07.007] [org.springframework.boot.autoconfigure.orm.jpa.JpaBaseConfiguration$JpaWebConfiguration] [main] [219] [WARN ] spring.jpa.open-in-view is enabled by default. Therefore, database queries may be performed during view rendering. Explicitly configure spring.jpa.open-in-view to disable this warning
[2022-01-05 21:43:08.008] [org.springframework.security.web.DefaultSecurityFilterChain] [main] [51] [INFO ] Will secure any request with [org.springframework.security.web.context.request.async.WebAsyncManagerIntegrationFilter@478cc5f1, org.springframework.security.web.context.SecurityContextPersistenceFilter@41f5389f, org.springframework.security.web.header.HeaderWriterFilter@13ae87a6, org.springframework.security.web.authentication.logout.LogoutFilter@72c175f1, org.springframework.security.web.authentication.UsernamePasswordAuthenticationFilter@66851aa5, org.springframework.security.web.savedrequest.RequestCacheAwareFilter@396c1228, org.springframework.security.web.servletapi.SecurityContextHolderAwareRequestFilter@1bcf2c64, org.springframework.security.web.authentication.AnonymousAuthenticationFilter@245b0bd7, org.springframework.security.web.session.SessionManagementFilter@22c4354d, org.springframework.security.web.access.ExceptionTranslationFilter@18918d70, org.springframework.security.web.access.intercept.FilterSecurityInterceptor@7e615c6a]
[2022-01-05 21:43:08.008] [org.apache.juli.logging.DirectJDKLog] [main] [173] [INFO ] Starting ProtocolHandler ["http-nio-8080"]
[2022-01-05 21:43:08.008] [org.springframework.boot.web.embedded.tomcat.TomcatWebServer] [main] [220] [INFO ] Tomcat started on port(s): 8080 (http) with context path '/hotel'
[2022-01-05 21:43:08.008] [org.springframework.boot.StartupInfoLogger] [main] [61] [INFO ] Started HotelApplication in 3.46 seconds (JVM running for 4.188)
[2022-01-05 21:43:21.021] [org.apache.juli.logging.DirectJDKLog] [http-nio-8080-exec-2] [173] [INFO ] Initializing Spring DispatcherServlet 'dispatcherServlet'
[2022-01-05 21:43:21.021] [org.springframework.web.servlet.FrameworkServlet] [http-nio-8080-exec-2] [525] [INFO ] Initializing Servlet 'dispatcherServlet'
[2022-01-05 21:43:21.021] [org.springframework.web.servlet.FrameworkServlet] [http-nio-8080-exec-2] [547] [INFO ] Completed initialization in 1 ms
[2022-01-05 21:43:21.021] [com.hotel.controller.MainController] [http-nio-8080-exec-2] [16] [INFO ] Home page open
[2022-01-05 21:43:21.021] [com.hotel.controller.MainController] [http-nio-8080-exec-1] [16] [INFO ] Home page open
[2022-01-05 21:44:10.010] [com.hotel.controller.MainController] [http-nio-8080-exec-3] [16] [INFO ] Home page open
[2022-01-05 21:48:05.005] [org.springframework.orm.jpa.AbstractEntityManagerFactoryBean] [SpringApplicationShutdownHook] [651] [INFO ] Closing JPA EntityManagerFactory for persistence unit 'default'
[2022-01-05 21:48:05.005] [com.zaxxer.hikari.HikariDataSource] [SpringApplicationShutdownHook] [350] [INFO ] HikariPool-1 - Shutdown initiated...
[2022-01-05 21:48:05.005] [com.zaxxer.hikari.HikariDataSource] [SpringApplicationShutdownHook] [352] [INFO ] HikariPool-1 - Shutdown completed.
[2022-01-05 21:48:08.008] [org.springframework.boot.StartupInfoLogger] [main] [55] [INFO ] Starting HotelApplication using Java 11 on DESKTOP-TS3JMM6 with PID 6988 (E:\Lena-Java\Projects\IT_Academy\hotel\target\classes started by elena in E:\Lena-Java\Projects\IT_Academy\hotel)
[2022-01-05 21:48:08.008] [org.springframework.boot.StartupInfoLogger] [main] [56] [DEBUG] Running with Spring Boot v2.5.6, Spring v5.3.12
[2022-01-05 21:48:08.008] [org.springframework.boot.SpringApplication] [main] [659] [INFO ] No active profile set, falling back to default profiles: default
[2022-01-05 21:48:11.011] [org.springframework.boot.StartupInfoLogger] [main] [61] [INFO ] Started HotelApplication in 3.518 seconds (JVM running for 4.345)
[2022-01-05 21:48:19.019] [com.hotel.controller.MainController] [http-nio-8080-exec-1] [16] [INFO ] Home page open
[2022-01-05 21:57:08.008] [org.springframework.boot.StartupInfoLogger] [main] [55] [INFO ] Starting HotelApplication using Java 11 on DESKTOP-TS3JMM6 with PID 19380 (E:\Lena-Java\Projects\IT_Academy\hotel\target\classes started by elena in E:\Lena-Java\Projects\IT_Academy\hotel)
[2022-01-05 21:57:08.008] [org.springframework.boot.StartupInfoLogger] [main] [56] [DEBUG] Running with Spring Boot v2.5.6, Spring v5.3.12
[2022-01-05 21:57:08.008] [org.springframework.boot.SpringApplication] [main] [659] [INFO ] No active profile set, falling back to default profiles: default
[2022-01-05 22:02:36.036] [org.springframework.boot.StartupInfoLogger] [main] [55] [INFO ] Starting HotelApplication using Java 11 on DESKTOP-TS3JMM6 with PID 11352 (E:\Lena-Java\Projects\IT_Academy\hotel\target\classes started by elena in E:\Lena-Java\Projects\IT_Academy\hotel)
[2022-01-05 22:02:36.036] [org.springframework.boot.StartupInfoLogger] [main] [56] [DEBUG] Running with Spring Boot v2.5.6, Spring v5.3.12
[2022-01-05 22:02:36.036] [org.springframework.boot.SpringApplication] [main] [659] [INFO ] No active profile set, falling back to default profiles: default
[2022-01-05 22:02:40.040] [org.springframework.boot.StartupInfoLogger] [main] [61] [INFO ] Started HotelApplication in 3.469 seconds (JVM running for 4.172)
[2022-01-05 22:02:56.056] [com.hotel.controller.MainController] [http-nio-8080-exec-1] [16] [INFO ] TEST - Home page open
[2022-01-05 22:03:58.058] [com.hotel.controller.UserRegistrationController] [http-nio-8080-exec-8] [39] [INFO ] New user registered
[2022-01-05 22:14:54.054] [org.springframework.boot.StartupInfoLogger] [main] [55] [INFO ] Starting HotelApplication using Java 11 on DESKTOP-TS3JMM6 with PID 3740 (E:\Lena-Java\Projects\IT_Academy\hotel\target\classes started by elena in E:\Lena-Java\Projects\IT_Academy\hotel)
[2022-01-05 22:14:54.054] [org.springframework.boot.StartupInfoLogger] [main] [56] [DEBUG] Running with Spring Boot v2.5.6, Spring v5.3.12
[2022-01-05 22:14:54.054] [org.springframework.boot.SpringApplication] [main] [659] [INFO ] No active profile set, falling back to default profiles: default
[2022-01-05 22:14:58.058] [org.springframework.boot.StartupInfoLogger] [main] [61] [INFO ] Started HotelApplication in 3.487 seconds (JVM running for 4.272)
[2022-01-05 22:29:33.033] [org.springframework.boot.StartupInfoLogger] [main] [55] [INFO ] Starting HotelApplication using Java 11 on DESKTOP-TS3JMM6 with PID 2504 (E:\Lena-Java\Projects\IT_Academy\hotel\target\classes started by elena in E:\Lena-Java\Projects\IT_Academy\hotel)
[2022-01-05 22:29:33.033] [org.springframework.boot.StartupInfoLogger] [main] [56] [DEBUG] Running with Spring Boot v2.5.6, Spring v5.3.12
[2022-01-05 22:29:33.033] [org.springframework.boot.SpringApplication] [main] [659] [INFO ] No active profile set, falling back to default profiles: default
[2022-01-05 22:29:36.036] [org.springframework.boot.StartupInfoLogger] [main] [61] [INFO ] Started HotelApplication in 3.424 seconds (JVM running for 4.131)
[2022-01-05 22:30:28.028] [com.hotel.controller.UserRegistrationController] [http-nio-8080-exec-3] [38] [INFO ] New user registered: zubrov@mail.ru
[2022-01-05 22:47:09.009] [org.springframework.boot.StartupInfoLogger] [main] [55] [INFO ] Starting HotelApplication using Java 11 on DESKTOP-TS3JMM6 with PID 20680 (E:\Lena-Java\Projects\IT_Academy\hotel\target\classes started by elena in E:\Lena-Java\Projects\IT_Academy\hotel)
[2022-01-05 22:47:09.009] [org.springframework.boot.StartupInfoLogger] [main] [56] [DEBUG] Running with Spring Boot v2.5.6, Spring v5.3.12
[2022-01-05 22:47:09.009] [org.springframework.boot.SpringApplication] [main] [659] [INFO ] No active profile set, falling back to default profiles: default
[2022-01-05 22:47:13.013] [org.springframework.boot.StartupInfoLogger] [main] [61] [INFO ] Started HotelApplication in 3.67 seconds (JVM running for 4.576)
[2022-01-05 23:25:17.017] [org.springframework.boot.StartupInfoLogger] [main] [55] [INFO ] Starting HotelApplication using Java 11 on DESKTOP-TS3JMM6 with PID 21268 (E:\Lena-Java\Projects\IT_Academy\hotel\target\classes started by elena in E:\Lena-Java\Projects\IT_Academy\hotel)
[2022-01-05 23:25:17.017] [org.springframework.boot.StartupInfoLogger] [main] [56] [DEBUG] Running with Spring Boot v2.5.6, Spring v5.3.12
[2022-01-05 23:25:17.017] [org.springframework.boot.SpringApplication] [main] [659] [INFO ] No active profile set, falling back to default profiles: default
[2022-01-05 23:25:21.021] [org.springframework.boot.StartupInfoLogger] [main] [61] [INFO ] Started HotelApplication in 4.745 seconds (JVM running for 5.771)
[2022-01-06 00:22:24.024] [org.springframework.boot.StartupInfoLogger] [main] [55] [INFO ] Starting HotelApplication using Java 11 on DESKTOP-TS3JMM6 with PID 32 (E:\Lena-Java\Projects\IT_Academy\hotel\target\classes started by elena in E:\Lena-Java\Projects\IT_Academy\hotel)
[2022-01-06 00:22:24.024] [org.springframework.boot.StartupInfoLogger] [main] [56] [DEBUG] Running with Spring Boot v2.5.6, Spring v5.3.12
[2022-01-06 00:22:24.024] [org.springframework.boot.SpringApplication] [main] [659] [INFO ] No active profile set, falling back to default profiles: default
[2022-01-06 00:22:28.028] [org.springframework.boot.StartupInfoLogger] [main] [61] [INFO ] Started HotelApplication in 4.154 seconds (JVM running for 5.306)
[2022-01-06 00:34:02.002] [com.hotel.controller.OrderBookingController] [http-nio-8080-exec-8] [62] [INFO ] New order booking
[2022-01-06 00:34:02.002] [com.hotel.controller.OrderBookingController] [http-nio-8080-exec-8] [63] [INFO ] New invoice
[2022-01-06 00:34:46.046] [com.hotel.controller.UserRegistrationController] [http-nio-8080-exec-6] [38] [INFO ] New user registered: slon@gmail.com
[2022-01-06 10:08:43.043] [org.springframework.boot.StartupInfoLogger] [main] [55] [INFO ] Starting HotelApplication using Java 11 on DESKTOP-TS3JMM6 with PID 16248 (E:\Lena-Java\Projects\IT_Academy\hotel\target\classes started by elena in E:\Lena-Java\Projects\IT_Academy\hotel)
[2022-01-06 10:08:43.043] [org.springframework.boot.StartupInfoLogger] [main] [56] [DEBUG] Running with Spring Boot v2.5.6, Spring v5.3.12
[2022-01-06 10:08:43.043] [org.springframework.boot.SpringApplication] [main] [659] [INFO ] No active profile set, falling back to default profiles: default
[2022-01-06 10:08:48.048] [org.springframework.boot.StartupInfoLogger] [main] [61] [INFO ] Started HotelApplication in 4.929 seconds (JVM running for 6.276)
[2022-01-06 10:12:18.018] [org.springframework.boot.StartupInfoLogger] [main] [55] [INFO ] Starting HotelApplication using Java 11 on DESKTOP-TS3JMM6 with PID 9824 (E:\Lena-Java\Projects\IT_Academy\hotel\target\classes started by elena in E:\Lena-Java\Projects\IT_Academy\hotel)
[2022-01-06 10:12:18.018] [org.springframework.boot.StartupInfoLogger] [main] [56] [DEBUG] Running with Spring Boot v2.5.6, Spring v5.3.12
[2022-01-06 10:12:18.018] [org.springframework.boot.SpringApplication] [main] [659] [INFO ] No active profile set, falling back to default profiles: default
[2022-01-06 10:12:21.021] [org.springframework.boot.StartupInfoLogger] [main] [61] [INFO ] Started HotelApplication in 3.502 seconds (JVM running for 4.283)
[2022-01-06 10:18:37.037] [org.springframework.boot.StartupInfoLogger] [main] [55] [INFO ] Starting HotelApplication using Java 11 on DESKTOP-TS3JMM6 with PID 21040 (E:\Lena-Java\Projects\IT_Academy\hotel\target\classes started by elena in E:\Lena-Java\Projects\IT_Academy\hotel)
[2022-01-06 10:18:37.037] [org.springframework.boot.StartupInfoLogger] [main] [56] [DEBUG] Running with Spring Boot v2.5.6, Spring v5.3.12
[2022-01-06 10:18:37.037] [org.springframework.boot.SpringApplication] [main] [659] [INFO ] No active profile set, falling back to default profiles: default
[2022-01-06 10:18:40.040] [org.springframework.boot.StartupInfoLogger] [main] [61] [INFO ] Started HotelApplication in 3.405 seconds (JVM running for 4.181)
